Release 14.7 - xst P.20131013 (nt64)
Copyright (c) 1995-2013 Xilinx, Inc.  All rights reserved.
--> Parameter TMPDIR set to xst/projnav.tmp


Total REAL time to Xst completion: 2.00 secs
Total CPU time to Xst completion: 1.19 secs
 
--> Parameter xsthdpdir set to xst


Total REAL time to Xst completion: 2.00 secs
Total CPU time to Xst completion: 1.19 secs
 
--> Reading design: DPU_matrix_multiplication.prj

TABLE OF CONTENTS
  1) Synthesis Options Summary
  2) HDL Compilation
  3) Design Hierarchy Analysis
  4) HDL Analysis
  5) HDL Synthesis
     5.1) HDL Synthesis Report
  6) Advanced HDL Synthesis
     6.1) Advanced HDL Synthesis Report
  7) Low Level Synthesis
  8) Partition Report
  9) Final Report
	9.1) Device utilization summary
	9.2) Partition Resource Summary
	9.3) TIMING REPORT


=========================================================================
*                      Synthesis Options Summary                        *
=========================================================================
---- Source Parameters
Input File Name                    : "DPU_matrix_multiplication.prj"
Input Format                       : mixed
Ignore Synthesis Constraint File   : NO

---- Target Parameters
Output File Name                   : "DPU_matrix_multiplication"
Output Format                      : NGC
Target Device                      : xc3s400-4-tq144

---- Source Options
Top Module Name                    : DPU_matrix_multiplication
Automatic FSM Extraction           : YES
FSM Encoding Algorithm             : Auto
Safe Implementation                : No
FSM Style                          : LUT
RAM Extraction                     : Yes
RAM Style                          : Auto
ROM Extraction                     : Yes
Mux Style                          : Auto
Decoder Extraction                 : YES
Priority Encoder Extraction        : Yes
Shift Register Extraction          : YES
Logical Shifter Extraction         : YES
XOR Collapsing                     : YES
ROM Style                          : Auto
Mux Extraction                     : Yes
Resource Sharing                   : YES
Asynchronous To Synchronous        : NO
Multiplier Style                   : Auto
Automatic Register Balancing       : No

---- Target Options
Add IO Buffers                     : YES
Global Maximum Fanout              : 100000
Add Generic Clock Buffer(BUFG)     : 8
Register Duplication               : YES
Slice Packing                      : YES
Optimize Instantiated Primitives   : NO
Use Clock Enable                   : Yes
Use Synchronous Set                : Yes
Use Synchronous Reset              : Yes
Pack IO Registers into IOBs        : Auto
Equivalent register Removal        : YES

---- General Options
Optimization Goal                  : Speed
Optimization Effort                : 1
Keep Hierarchy                     : No
Netlist Hierarchy                  : As_Optimized
RTL Output                         : Yes
Global Optimization                : AllClockNets
Read Cores                         : YES
Write Timing Constraints           : NO
Cross Clock Analysis               : NO
Hierarchy Separator                : /
Bus Delimiter                      : <>
Case Specifier                     : Maintain
Slice Utilization Ratio            : 100
BRAM Utilization Ratio             : 100
Verilog 2001                       : YES
Auto BRAM Packing                  : NO
Slice Utilization Ratio Delta      : 5

=========================================================================


=========================================================================
*                          HDL Compilation                              *
=========================================================================
Compiling vhdl file "E:/Works/GitHub/Systolic-Processor-On-FPGA/ISE Design Files/HA/HA.vhd" in Library work.
Architecture ha_arch of Entity ha is up to date.
Compiling vhdl file "E:/Works/GitHub/Systolic-Processor-On-FPGA/ISE Design Files/DFF_PC/DFF_PC.vhd" in Library work.
Architecture dff_pc_arch of Entity dff_pc is up to date.
Compiling vhdl file "E:/Works/GitHub/Systolic-Processor-On-FPGA/ISE Design Files/FA/FA.vhd" in Library work.
Architecture fa_arch of Entity fa is up to date.
Compiling vhdl file "E:/Works/GitHub/Systolic-Processor-On-FPGA/ISE Design Files/HAM/HAM.vhd" in Library work.
Architecture ha_arch of Entity ham is up to date.
Compiling vhdl file "E:/Works/GitHub/Systolic-Processor-On-FPGA/ISE Design Files/FAM/FAM.vhd" in Library work.
Architecture fam_arch of Entity fam is up to date.
Compiling vhdl file "E:/Works/GitHub/Systolic-Processor-On-FPGA/ISE Design Files/PIPO4/PIPO4.vhd" in Library work.
Architecture pipo4_arch of Entity pipo4 is up to date.
Compiling vhdl file "E:/Works/GitHub/Systolic-Processor-On-FPGA/ISE Design Files/MAC4/MAC4.vhd" in Library work.
Architecture mac4_arch of Entity mac4 is up to date.
Compiling vhdl file "E:/Works/GitHub/Systolic-Processor-On-FPGA/ISE Design Files/FA10/FA10.vhd" in Library work.
Architecture fa10_arch of Entity fa10 is up to date.
Compiling vhdl file "E:/Works/GitHub/Systolic-Processor-On-FPGA/ISE Design Files/PIPO10/PIPO10.vhd" in Library work.
Architecture pipo10_arch of Entity pipo10 is up to date.
Compiling vhdl file "E:/Works/GitHub/Systolic-Processor-On-FPGA/ISE Design Files/DPU_matrix_multiplication/DPU_matrix_multiplication.vhd" in Library work.
Entity <dpu_matrix_multiplication> compiled.
Entity <dpu_matrix_multiplication> (Architecture <dpu_matrix_multiplication_arch>) compiled.

=========================================================================
*                     Design Hierarchy Analysis                         *
=========================================================================
Analyzing hierarchy for entity <DPU_matrix_multiplication> in library <work> (architecture <dpu_matrix_multiplication_arch>).

Analyzing hierarchy for entity <PIPO4> in library <work> (architecture <pipo4_arch>).

Analyzing hierarchy for entity <MAC4> in library <work> (architecture <mac4_arch>).

Analyzing hierarchy for entity <FA10> in library <work> (architecture <fa10_arch>).

Analyzing hierarchy for entity <PIPO10> in library <work> (architecture <pipo10_arch>).

Analyzing hierarchy for entity <DFF_PC> in library <work> (architecture <dff_pc_arch>).

Analyzing hierarchy for entity <HAM> in library <work> (architecture <ha_arch>).

Analyzing hierarchy for entity <FAM> in library <work> (architecture <fam_arch>).

Analyzing hierarchy for entity <HA> in library <work> (architecture <ha_arch>).

Analyzing hierarchy for entity <FA> in library <work> (architecture <fa_arch>).

Analyzing hierarchy for entity <HA> in library <work> (architecture <ha_arch>).


=========================================================================
*                            HDL Analysis                               *
=========================================================================
Analyzing Entity <DPU_matrix_multiplication> in library <work> (Architecture <dpu_matrix_multiplication_arch>).
WARNING:Xst:753 - "E:/Works/GitHub/Systolic-Processor-On-FPGA/ISE Design Files/DPU_matrix_multiplication/DPU_matrix_multiplication.vhd" line 61: Unconnected output port 'Cout' of component 'FA10'.
Entity <DPU_matrix_multiplication> analyzed. Unit <DPU_matrix_multiplication> generated.

Analyzing Entity <PIPO4> in library <work> (Architecture <pipo4_arch>).
WARNING:Xst:753 - "E:/Works/GitHub/Systolic-Processor-On-FPGA/ISE Design Files/PIPO4/PIPO4.vhd" line 17: Unconnected output port 'Qnot' of component 'DFF_PC'.
WARNING:Xst:753 - "E:/Works/GitHub/Systolic-Processor-On-FPGA/ISE Design Files/PIPO4/PIPO4.vhd" line 18: Unconnected output port 'Qnot' of component 'DFF_PC'.
WARNING:Xst:753 - "E:/Works/GitHub/Systolic-Processor-On-FPGA/ISE Design Files/PIPO4/PIPO4.vhd" line 19: Unconnected output port 'Qnot' of component 'DFF_PC'.
WARNING:Xst:753 - "E:/Works/GitHub/Systolic-Processor-On-FPGA/ISE Design Files/PIPO4/PIPO4.vhd" line 20: Unconnected output port 'Qnot' of component 'DFF_PC'.
Entity <PIPO4> analyzed. Unit <PIPO4> generated.

Analyzing Entity <DFF_PC> in library <work> (Architecture <dff_pc_arch>).
Entity <DFF_PC> analyzed. Unit <DFF_PC> generated.

Analyzing Entity <MAC4> in library <work> (Architecture <mac4_arch>).
WARNING:Xst:753 - "E:/Works/GitHub/Systolic-Processor-On-FPGA/ISE Design Files/MAC4/MAC4.vhd" line 49: Unconnected output port 'Cout' of component 'HA'.
Entity <MAC4> analyzed. Unit <MAC4> generated.

Analyzing Entity <HAM> in library <work> (Architecture <ha_arch>).
Entity <HAM> analyzed. Unit <HAM> generated.

Analyzing Entity <FAM> in library <work> (Architecture <fam_arch>).
Entity <FAM> analyzed. Unit <FAM> generated.

Analyzing Entity <HA> in library <work> (Architecture <ha_arch>).
Entity <HA> analyzed. Unit <HA> generated.

Analyzing Entity <FA> in library <work> (Architecture <fa_arch>).
Entity <FA> analyzed. Unit <FA> generated.

Analyzing Entity <FA10> in library <work> (Architecture <fa10_arch>).
Entity <FA10> analyzed. Unit <FA10> generated.

Analyzing Entity <PIPO10> in library <work> (Architecture <pipo10_arch>).
WARNING:Xst:753 - "E:/Works/GitHub/Systolic-Processor-On-FPGA/ISE Design Files/PIPO10/PIPO10.vhd" line 18: Unconnected output port 'Qnot' of component 'DFF_PC'.
WARNING:Xst:753 - "E:/Works/GitHub/Systolic-Processor-On-FPGA/ISE Design Files/PIPO10/PIPO10.vhd" line 19: Unconnected output port 'Qnot' of component 'DFF_PC'.
WARNING:Xst:753 - "E:/Works/GitHub/Systolic-Processor-On-FPGA/ISE Design Files/PIPO10/PIPO10.vhd" line 20: Unconnected output port 'Qnot' of component 'DFF_PC'.
WARNING:Xst:753 - "E:/Works/GitHub/Systolic-Processor-On-FPGA/ISE Design Files/PIPO10/PIPO10.vhd" line 21: Unconnected output port 'Qnot' of component 'DFF_PC'.
WARNING:Xst:753 - "E:/Works/GitHub/Systolic-Processor-On-FPGA/ISE Design Files/PIPO10/PIPO10.vhd" line 22: Unconnected output port 'Qnot' of component 'DFF_PC'.
WARNING:Xst:753 - "E:/Works/GitHub/Systolic-Processor-On-FPGA/ISE Design Files/PIPO10/PIPO10.vhd" line 23: Unconnected output port 'Qnot' of component 'DFF_PC'.
WARNING:Xst:753 - "E:/Works/GitHub/Systolic-Processor-On-FPGA/ISE Design Files/PIPO10/PIPO10.vhd" line 24: Unconnected output port 'Qnot' of component 'DFF_PC'.
WARNING:Xst:753 - "E:/Works/GitHub/Systolic-Processor-On-FPGA/ISE Design Files/PIPO10/PIPO10.vhd" line 25: Unconnected output port 'Qnot' of component 'DFF_PC'.
WARNING:Xst:753 - "E:/Works/GitHub/Systolic-Processor-On-FPGA/ISE Design Files/PIPO10/PIPO10.vhd" line 26: Unconnected output port 'Qnot' of component 'DFF_PC'.
WARNING:Xst:753 - "E:/Works/GitHub/Systolic-Processor-On-FPGA/ISE Design Files/PIPO10/PIPO10.vhd" line 27: Unconnected output port 'Qnot' of component 'DFF_PC'.
Entity <PIPO10> analyzed. Unit <PIPO10> generated.


=========================================================================
*                           HDL Synthesis                               *
=========================================================================

Performing bidirectional port resolution...

Synthesizing Unit <DFF_PC>.
    Related source file is "E:/Works/GitHub/Systolic-Processor-On-FPGA/ISE Design Files/DFF_PC/DFF_PC.vhd".
    Found 1-bit register for signal <Qnot>.
    Found 1-bit register for signal <Q>.
    Summary:
	inferred   2 D-type flip-flop(s).
Unit <DFF_PC> synthesized.


Synthesizing Unit <HA>.
    Related source file is "E:/Works/GitHub/Systolic-Processor-On-FPGA/ISE Design Files/HA/HA.vhd".
    Found 1-bit xor2 for signal <Sout>.
Unit <HA> synthesized.


Synthesizing Unit <PIPO4>.
    Related source file is "E:/Works/GitHub/Systolic-Processor-On-FPGA/ISE Design Files/PIPO4/PIPO4.vhd".
Unit <PIPO4> synthesized.


Synthesizing Unit <PIPO10>.
    Related source file is "E:/Works/GitHub/Systolic-Processor-On-FPGA/ISE Design Files/PIPO10/PIPO10.vhd".
Unit <PIPO10> synthesized.


Synthesizing Unit <HAM>.
    Related source file is "E:/Works/GitHub/Systolic-Processor-On-FPGA/ISE Design Files/HAM/HAM.vhd".
Unit <HAM> synthesized.


Synthesizing Unit <FAM>.
    Related source file is "E:/Works/GitHub/Systolic-Processor-On-FPGA/ISE Design Files/FAM/FAM.vhd".
Unit <FAM> synthesized.


Synthesizing Unit <FA>.
    Related source file is "E:/Works/GitHub/Systolic-Processor-On-FPGA/ISE Design Files/FA/FA.vhd".
Unit <FA> synthesized.


Synthesizing Unit <MAC4>.
    Related source file is "E:/Works/GitHub/Systolic-Processor-On-FPGA/ISE Design Files/MAC4/MAC4.vhd".
WARNING:Xst:1780 - Signal <C4<3>> is never used or assigned. This unconnected signal will be trimmed during the optimization process.
Unit <MAC4> synthesized.


Synthesizing Unit <FA10>.
    Related source file is "E:/Works/GitHub/Systolic-Processor-On-FPGA/ISE Design Files/FA10/FA10.vhd".
Unit <FA10> synthesized.


Synthesizing Unit <DPU_matrix_multiplication>.
    Related source file is "E:/Works/GitHub/Systolic-Processor-On-FPGA/ISE Design Files/DPU_matrix_multiplication/DPU_matrix_multiplication.vhd".
Unit <DPU_matrix_multiplication> synthesized.


=========================================================================
HDL Synthesis Report

Macro Statistics
# Registers                                            : 36
 1-bit register                                        : 36
# Xors                                                 : 43
 1-bit xor2                                            : 43

=========================================================================

=========================================================================
*                       Advanced HDL Synthesis                          *
=========================================================================


=========================================================================
Advanced HDL Synthesis Report

Macro Statistics
# Registers                                            : 36
 Flip-Flops                                            : 36
# Xors                                                 : 43
 1-bit xor2                                            : 43

=========================================================================

=========================================================================
*                         Low Level Synthesis                           *
=========================================================================
WARNING:Xst:2677 - Node <DFF9/Qnot> of sequential type is unconnected in block <PIPO10>.
WARNING:Xst:2677 - Node <DFF8/Qnot> of sequential type is unconnected in block <PIPO10>.
WARNING:Xst:2677 - Node <DFF7/Qnot> of sequential type is unconnected in block <PIPO10>.
WARNING:Xst:2677 - Node <DFF6/Qnot> of sequential type is unconnected in block <PIPO10>.
WARNING:Xst:2677 - Node <DFF5/Qnot> of sequential type is unconnected in block <PIPO10>.
WARNING:Xst:2677 - Node <DFF4/Qnot> of sequential type is unconnected in block <PIPO10>.
WARNING:Xst:2677 - Node <DFF3/Qnot> of sequential type is unconnected in block <PIPO10>.
WARNING:Xst:2677 - Node <DFF2/Qnot> of sequential type is unconnected in block <PIPO10>.
WARNING:Xst:2677 - Node <DFF1/Qnot> of sequential type is unconnected in block <PIPO10>.
WARNING:Xst:2677 - Node <DFF0/Qnot> of sequential type is unconnected in block <PIPO10>.
WARNING:Xst:2677 - Node <R1/DFF0/Qnot> of sequential type is unconnected in block <DPU_matrix_multiplication>.
WARNING:Xst:2677 - Node <R1/DFF1/Qnot> of sequential type is unconnected in block <DPU_matrix_multiplication>.
WARNING:Xst:2677 - Node <R1/DFF2/Qnot> of sequential type is unconnected in block <DPU_matrix_multiplication>.
WARNING:Xst:2677 - Node <R1/DFF3/Qnot> of sequential type is unconnected in block <DPU_matrix_multiplication>.
WARNING:Xst:2677 - Node <R0/DFF0/Qnot> of sequential type is unconnected in block <DPU_matrix_multiplication>.
WARNING:Xst:2677 - Node <R0/DFF1/Qnot> of sequential type is unconnected in block <DPU_matrix_multiplication>.
WARNING:Xst:2677 - Node <R0/DFF2/Qnot> of sequential type is unconnected in block <DPU_matrix_multiplication>.
WARNING:Xst:2677 - Node <R0/DFF3/Qnot> of sequential type is unconnected in block <DPU_matrix_multiplication>.

Optimizing unit <DPU_matrix_multiplication> ...

Optimizing unit <PIPO10> ...

Optimizing unit <MAC4> ...

Optimizing unit <FA10> ...

Mapping all equations...
Building and optimizing final netlist ...
Found area constraint ratio of 100 (+ 5) on block DPU_matrix_multiplication, actual ratio is 0.
FlipFlop R1/DFF3/Q has been replicated 1 time(s) to handle iob=true attribute.
FlipFlop R1/DFF2/Q has been replicated 1 time(s) to handle iob=true attribute.
FlipFlop R1/DFF1/Q has been replicated 1 time(s) to handle iob=true attribute.
FlipFlop R1/DFF0/Q has been replicated 1 time(s) to handle iob=true attribute.
FlipFlop R0/DFF3/Q has been replicated 1 time(s) to handle iob=true attribute.
FlipFlop R0/DFF2/Q has been replicated 1 time(s) to handle iob=true attribute.
FlipFlop R0/DFF1/Q has been replicated 1 time(s) to handle iob=true attribute.
FlipFlop R0/DFF0/Q has been replicated 1 time(s) to handle iob=true attribute.

Final Macro Processing ...

=========================================================================
Final Register Report

Macro Statistics
# Registers                                            : 26
 Flip-Flops                                            : 26

=========================================================================

=========================================================================
*                           Partition Report                            *
=========================================================================

Partition Implementation Status
-------------------------------

  No Partitions were found in this design.

-------------------------------

=========================================================================
*                            Final Report                               *
=========================================================================
Final Results
RTL Top Level Output File Name     : DPU_matrix_multiplication.ngr
Top Level Output File Name         : DPU_matrix_multiplication
Output Format                      : NGC
Optimization Goal                  : Speed
Keep Hierarchy                     : No

Design Statistics
# IOs                              : 28

Cell Usage :
# BELS                             : 52
#      GND                         : 1
#      INV                         : 1
#      LUT2                        : 2
#      LUT2_D                      : 3
#      LUT2_L                      : 1
#      LUT3                        : 12
#      LUT3_D                      : 2
#      LUT3_L                      : 1
#      LUT4                        : 17
#      LUT4_D                      : 11
#      LUT4_L                      : 1
# FlipFlops/Latches                : 26
#      FDCP                        : 26
# Clock Buffers                    : 1
#      BUFGP                       : 1
# IO Buffers                       : 27
#      IBUF                        : 9
#      OBUF                        : 18
=========================================================================

Device utilization summary:
---------------------------

Selected Device : 3s400tq144-4 

 Number of Slices:                       28  out of   3584     0%  
 Number of Slice Flip Flops:             18  out of   7168     0%  
 Number of 4 input LUTs:                 51  out of   7168     0%  
 Number of IOs:                          28
 Number of bonded IOBs:                  28  out of     97    28%  
    IOB Flip Flops:                       8
 Number of GCLKs:                         1  out of      8    12%  

---------------------------
Partition Resource Summary:
---------------------------

  No Partitions were found in this design.

---------------------------


=========================================================================
TIMING REPORT

NOTE: THESE TIMING NUMBERS ARE ONLY A SYNTHESIS ESTIMATE.
      FOR ACCURATE TIMING INFORMATION PLEASE REFER TO THE TRACE REPORT
      GENERATED AFTER PLACE-and-ROUTE.

Clock Information:
------------------
-----------------------------------+------------------------+-------+
Clock Signal                       | Clock buffer(FF name)  | Load  |
-----------------------------------+------------------------+-------+
CLK                                | BUFGP                  | 26    |
-----------------------------------+------------------------+-------+

Asynchronous Control Signals Information:
----------------------------------------
---------------------------------------------+------------------------+-------+
Control Signal                               | Buffer(FF name)        | Load  |
---------------------------------------------+------------------------+-------+
N0(XST_GND:G)                                | NONE(R0/DFF0/Q)        | 26    |
R0/DFF0/clear_inv(R2/DFF0/clear_inv1_INV_0:O)| NONE(R0/DFF0/Q)        | 26    |
---------------------------------------------+------------------------+-------+

Timing Summary:
---------------
Speed Grade: -4

   Minimum period: 11.783ns (Maximum Frequency: 84.868MHz)
   Minimum input arrival time before clock: 1.901ns
   Maximum output required time after clock: 7.367ns
   Maximum combinational path delay: No path found

Timing Detail:
--------------
All values displayed in nanoseconds (ns)

=========================================================================
Timing constraint: Default period analysis for Clock 'CLK'
  Clock period: 11.783ns (frequency: 84.868MHz)
  Total number of paths / destination ports: 1668 / 10
-------------------------------------------------------------------------
Delay:               11.783ns (Levels of Logic = 7)
  Source:            R0/DFF2/Q (FF)
  Destination:       R2/DFF9/Q (FF)
  Source Clock:      CLK rising
  Destination Clock: CLK rising

  Data Path: R0/DFF2/Q to R2/DFF9/Q
                                Gate     Net
    Cell:in->out      fanout   Delay   Delay  Logical Name (Net Name)
    ----------------------------------------  ------------
     FDCP:C->Q             7   0.720   1.405  R0/DFF2/Q (R0/DFF2/Q)
     LUT4:I0->O            2   0.551   0.903  MAC/HAM11/H1/Mxor_Sout_Result1 (MAC/S1<1>)
     LUT4_D:I3->O          3   0.551   1.102  MAC/FAM20/Cout1 (MAC/C2<0>)
     LUT3:I1->O            1   0.551   0.827  MAC/HA40/Cout1_SW0 (N01)
     LUT4_D:I3->O          1   0.551   0.827  MAC/FA41/Cout1 (MAC/C4<1>)
     LUT4_D:I3->O          4   0.551   1.112  MAC/FA42/H2/Mxor_Sout_Result1 (S3<6>)
     LUT3:I1->O            1   0.551   0.827  FA/FA6/Cout1 (FA/D<6>)
     LUT4:I3->O            1   0.551   0.000  FA/FA9/H2/Mxor_Sout_Result1 (S6<9>)
     FDCP:D                    0.203          R2/DFF9/Q
    ----------------------------------------
    Total                     11.783ns (4.780ns logic, 7.003ns route)
                                       (40.6% logic, 59.4% route)

=========================================================================
Timing constraint: Default OFFSET IN BEFORE for Clock 'CLK'
  Total number of paths / destination ports: 16 / 16
-------------------------------------------------------------------------
Offset:              1.901ns (Levels of Logic = 1)
  Source:            Bin<0> (PAD)
  Destination:       R1/DFF0/Q (FF)
  Destination Clock: CLK rising

  Data Path: Bin<0> to R1/DFF0/Q
                                Gate     Net
    Cell:in->out      fanout   Delay   Delay  Logical Name (Net Name)
    ----------------------------------------  ------------
     IBUF:I->O             2   0.821   0.877  Bin_0_IBUF (Bin_0_IBUF)
     FDCP:D                    0.203          R1/DFF0/Q
    ----------------------------------------
    Total                      1.901ns (1.024ns logic, 0.877ns route)
                                       (53.9% logic, 46.1% route)

=========================================================================
Timing constraint: Default OFFSET OUT AFTER for Clock 'CLK'
  Total number of paths / destination ports: 18 / 18
-------------------------------------------------------------------------
Offset:              7.367ns (Levels of Logic = 1)
  Source:            R2/DFF7/Q (FF)
  Destination:       Result<7> (PAD)
  Source Clock:      CLK rising

  Data Path: R2/DFF7/Q to Result<7>
                                Gate     Net
    Cell:in->out      fanout   Delay   Delay  Logical Name (Net Name)
    ----------------------------------------  ------------
     FDCP:C->Q             6   0.720   1.003  R2/DFF7/Q (R2/DFF7/Q)
     OBUF:I->O                 5.644          Result_7_OBUF (Result<7>)
    ----------------------------------------
    Total                      7.367ns (6.364ns logic, 1.003ns route)
                                       (86.4% logic, 13.6% route)

=========================================================================


Total REAL time to Xst completion: 12.00 secs
Total CPU time to Xst completion: 11.59 secs
 
--> 

Total memory usage is 250628 kilobytes

Number of errors   :    0 (   0 filtered)
Number of warnings :   35 (   0 filtered)
Number of infos    :    0 (   0 filtered)

