Command line:
   DFF_PC_tb_isim_beh.exe
     -simmode  gui
     -simrunnum  0
     -socket  49190

Fri Apr 15 14:41:00 2016


 Elaboration Time: 0.046875 sec

 Current Memory Usage: 361.501 Meg

 Total Signals          : 12
 Total Nets             : 6
 Total Signal Drivers   : 6
 Total Blocks           : 3
 Total Primitive Blocks : 2
 Total Processes        : 4
 Total Traceable Variables  : 8
 Total Scalar Nets and Variables : 366
Total Line Count : 13

 Total Simulation Time: 0.6875 sec

 Current Memory Usage: 676.09 Meg

Fri Apr 15 14:41:39 2016

