Running: D:\Xilinx\14.7\ISE_DS\ISE\bin\nt64\unwrapped\fuse.exe -intstyle ise -incremental -o E:/Works/GitHub/Systolic-Processor-On-FPGA/ISE Design Files/PIPO4/PIPO4_tb_isim_beh.exe -prj E:/Works/GitHub/Systolic-Processor-On-FPGA/ISE Design Files/PIPO4/PIPO4_tb_beh.prj work.PIPO4_tb 
ISim P.20131013 (signature 0x7708f090)
Number of CPUs detected in this system: 4
Turning on mult-threading, number of parallel sub-compilation jobs: 8 
Determining compilation order of HDL files
Parsing VHDL file "E:/Works/GitHub/Systolic-Processor-On-FPGA/ISE Design Files/PIPO4/../DFF_PC/DFF_PC.vhd" into library work
Parsing VHDL file "E:/Works/GitHub/Systolic-Processor-On-FPGA/ISE Design Files/PIPO4/PIPO4.vhd" into library work
Parsing VHDL file "E:/Works/GitHub/Systolic-Processor-On-FPGA/ISE Design Files/PIPO4/PIPO4_tb.vhd" into library work
Starting static elaboration
Completed static elaboration
Compiling package standard
Compiling package std_logic_1164
Compiling architecture dff_pc_arch of entity DFF_PC [dff_pc_default]
Compiling architecture pipo4_arch of entity PIPO4 [pipo4_default]
Compiling architecture tb of entity pipo4_tb
Time Resolution for simulation is 1ps.
Compiled 7 VHDL Units
Built simulation executable E:/Works/GitHub/Systolic-Processor-On-FPGA/ISE Design Files/PIPO4/PIPO4_tb_isim_beh.exe
Fuse Memory Usage: 27632 KB
Fuse CPU Usage: 436 ms
