Command line:
   DFF_PC_isim_beh.exe
     -simmode  gui
     -simrunnum  0
     -socket  50495

Sun Feb 21 16:47:33 2016


 Elaboration Time: 0.03125 sec

 Current Memory Usage: 357.401 Meg

 Total Signals          : 6
 Total Nets             : 6
 Total Signal Drivers   : 2
 Total Blocks           : 2
 Total Primitive Blocks : 2
 Total Processes        : 1
 Total Traceable Variables  : 8
 Total Scalar Nets and Variables : 366
Total Line Count : 5

 Total Simulation Time: 0.109375 sec

 Current Memory Usage: 357.401 Meg

Sun Feb 21 16:47:45 2016

