--------------------------------------------------------------------------------
Release 14.7 Trace  (nt64)
Copyright (c) 1995-2013 Xilinx, Inc.  All rights reserved.

D:\Xilinx\14.7\ISE_DS\ISE\bin\nt64\unwrapped\trce.exe -intstyle ise -v 3 -s 4
-n 3 -fastpaths -xml MAC8.twx MAC8.ncd -o MAC8.twr MAC8.pcf

Design file:              MAC8.ncd
Physical constraint file: MAC8.pcf
Device,package,speed:     xc3s400,tq144,-4 (PRODUCTION 1.39 2013-10-13)
Report level:             verbose report

Environment Variable      Effect 
--------------------      ------ 
NONE                      No environment variables were set
--------------------------------------------------------------------------------

INFO:Timing:2698 - No timing constraints found, doing default enumeration.
INFO:Timing:3412 - To improve timing, see the Timing Closure User Guide (UG612).
INFO:Timing:2752 - To get complete path coverage, use the unconstrained paths 
   option. All paths that are not constrained will be reported in the 
   unconstrained paths section(s) of the report.
INFO:Timing:3339 - The clock-to-out numbers in this timing report are based on 
   a 50 Ohm transmission line loading model.  For the details of this model, 
   and for more information on accounting for different loading conditions, 
   please see the device datasheet.
INFO:Timing:3390 - This architecture does not support a default System Jitter 
   value, please add SYSTEM_JITTER constraint to the UCF to modify the Clock 
   Uncertainty calculation.
INFO:Timing:3389 - This architecture does not support 'Discrete Jitter' and 
   'Phase Error' calculations, these terms will be zero in the Clock 
   Uncertainty calculation.  Please make appropriate modification to 
   SYSTEM_JITTER to account for the unsupported Discrete Jitter and Phase 
   Error.



Data Sheet report:
-----------------
All values displayed in nanoseconds (ns)

Pad to Pad
---------------+---------------+---------+
Source Pad     |Destination Pad|  Delay  |
---------------+---------------+---------+
A<0>           |Z<0>           |    8.956|
A<0>           |Z<1>           |    9.063|
A<0>           |Z<2>           |    8.616|
A<0>           |Z<3>           |   10.612|
A<0>           |Z<4>           |   11.364|
A<0>           |Z<5>           |   11.771|
A<0>           |Z<6>           |   12.193|
A<0>           |Z<7>           |   12.901|
A<1>           |Z<2>           |    8.946|
A<1>           |Z<3>           |   10.993|
A<1>           |Z<4>           |   11.622|
A<1>           |Z<5>           |   12.029|
A<1>           |Z<6>           |   12.451|
A<1>           |Z<7>           |   13.159|
A<2>           |Z<3>           |   11.419|
A<2>           |Z<4>           |   12.048|
A<2>           |Z<5>           |   12.455|
A<2>           |Z<6>           |   12.877|
A<2>           |Z<7>           |   13.585|
A<3>           |Z<4>           |   11.202|
A<3>           |Z<5>           |   11.798|
A<3>           |Z<6>           |   12.220|
A<3>           |Z<7>           |   12.928|
B<0>           |Z<0>           |    8.972|
B<0>           |Z<1>           |    8.994|
B<0>           |Z<2>           |    8.714|
B<0>           |Z<3>           |   11.336|
B<0>           |Z<4>           |   11.965|
B<0>           |Z<5>           |   12.372|
B<0>           |Z<6>           |   12.794|
B<0>           |Z<7>           |   13.502|
B<1>           |Z<1>           |    8.864|
B<1>           |Z<2>           |    9.394|
B<1>           |Z<3>           |   11.513|
B<1>           |Z<4>           |   12.142|
B<1>           |Z<5>           |   12.549|
B<1>           |Z<6>           |   12.971|
B<1>           |Z<7>           |   13.679|
B<2>           |Z<2>           |    9.242|
B<2>           |Z<3>           |   10.890|
B<2>           |Z<4>           |   11.642|
B<2>           |Z<5>           |   12.049|
B<2>           |Z<6>           |   12.471|
B<2>           |Z<7>           |   13.179|
B<3>           |Z<3>           |    8.562|
B<3>           |Z<4>           |    8.905|
B<3>           |Z<5>           |    9.860|
B<3>           |Z<6>           |   10.282|
B<3>           |Z<7>           |   10.990|
---------------+---------------+---------+


Analysis completed Wed Feb 10 12:25:22 2016 
--------------------------------------------------------------------------------

Trace Settings:
-------------------------
Trace Settings 

Peak Memory Usage: 156 MB



